<?xml version="1.0" encoding="UTF-8"?>
<testng-results ignored="0" total="1" passed="1" failed="0" skipped="0">
  <reporter-output>
  </reporter-output>
  <suite started-at="2024-05-18T14:53:13 ICT" name="Default suite" finished-at="2024-05-18T14:53:16 ICT" duration-ms="2736">
    <groups>
    </groups>
    <test started-at="2024-05-18T14:53:13 ICT" name="Default test" finished-at="2024-05-18T14:53:16 ICT" duration-ms="2736">
      <class name="com.vdqgpm.tests.MainTest">
        <test-method signature="testSomthing()[pri:0, instance:com.vdqgpm.tests.MainTest@17f9d882]" started-at="2024-05-18T14:53:13 ICT" name="testSomthing" finished-at="2024-05-18T14:53:16 ICT" duration-ms="2704" status="PASS">
          <reporter-output>
          </reporter-output>
        </test-method> <!-- testSomthing -->
      </class> <!-- com.vdqgpm.tests.MainTest -->
    </test> <!-- Default test -->
  </suite> <!-- Default suite -->
</testng-results>
